# JRE version: Java(TM) SE Runtime Environment (8.0_45-b14) (build 1.8.0_45-b14)
# Java VM: Java HotSpot(TM) 64-Bit Server VM (25.45-b02 mixed mode bsd-amd64 compressed oops)
Heap:
 PSYoungGen      total 37376K, used 26213K [0x0000000795580000, 0x0000000798480000, 0x00000007c0000000)
  eden space 28160K, 60% used [0x0000000795580000,0x0000000796623ef8,0x0000000797100000)
  from space 9216K, 99% used [0x0000000797b80000,0x0000000798475760,0x0000000798480000)
  to   space 9728K, 0% used [0x0000000797180000,0x0000000797180000,0x0000000797b00000)
 ParOldGen       total 64512K, used 26114K [0x0000000740000000, 0x0000000743f00000, 0x0000000795580000)
  object space 64512K, 40% used [0x0000000740000000,0x0000000741980b88,0x0000000743f00000)
 Metaspace       used 31231K, capacity 31629K, committed 32000K, reserved 1077248K
  class space    used 4129K, capacity 4259K, committed 4352K, reserved 1048576K
GC Heap History (10 events):
Event: 2594.427 GC heap before
{Heap before GC invocations=63 (full 1):
 PSYoungGen      total 39936K, used 39589K [0x0000000795580000, 0x0000000798680000, 0x00000007c0000000)
  eden space 30720K, 99% used [0x0000000795580000,0x000000079737a688,0x0000000797380000)
  from space 9216K, 96% used [0x0000000797480000,0x0000000797d2edd0,0x0000000797d80000)
  to   space 9216K, 0% used [0x0000000797d80000,0x0000000797d80000,0x0000000798680000)
 ParOldGen       total 64512K, used 26098K [0x0000000740000000, 0x0000000743f00000, 0x0000000795580000)
  object space 64512K, 40% used [0x0000000740000000,0x000000074197cb88,0x0000000743f00000)
 Metaspace       used 31221K, capacity 31629K, committed 32000K, reserved 1077248K
  class space    used 4129K, capacity 4259K, committed 4352K, reserved 1048576K
Event: 2594.430 GC heap after
Heap after GC invocations=63 (full 1):
 PSYoungGen      total 39424K, used 9105K [0x0000000795580000, 0x0000000798680000, 0x00000007c0000000)
  eden space 30208K, 0% used [0x0000000795580000,0x0000000795580000,0x0000000797300000)
  from space 9216K, 98% used [0x0000000797d80000,0x0000000798664550,0x0000000798680000)
  to   space 9728K, 0% used [0x0000000797380000,0x0000000797380000,0x0000000797d00000)
 ParOldGen       total 64512K, used 26106K [0x0000000740000000, 0x0000000743f00000, 0x0000000795580000)
  object space 64512K, 40% used [0x0000000740000000,0x000000074197eb88,0x0000000743f00000)
 Metaspace       used 31221K, capacity 31629K, committed 32000K, reserved 1077248K
  class space    used 4129K, capacity 4259K, committed 4352K, reserved 1048576K
}
Event: 2605.285 GC heap before
{Heap before GC invocations=64 (full 1):
 PSYoungGen      total 39424K, used 39313K [0x0000000795580000, 0x0000000798680000, 0x00000007c0000000)
  eden space 30208K, 100% used [0x0000000795580000,0x0000000797300000,0x0000000797300000)
  from space 9216K, 98% used [0x0000000797d80000,0x0000000798664550,0x0000000798680000)
  to   space 9728K, 0% used [0x0000000797380000,0x0000000797380000,0x0000000797d00000)
 ParOldGen       total 64512K, used 26106K [0x0000000740000000, 0x0000000743f00000, 0x0000000795580000)
  object space 64512K, 40% used [0x0000000740000000,0x000000074197eb88,0x0000000743f00000)
 Metaspace       used 31221K, capacity 31629K, committed 32000K, reserved 1077248K
  class space    used 4129K, capacity 4259K, committed 4352K, reserved 1048576K
Event: 2605.289 GC heap after
Heap after GC invocations=64 (full 1):
 PSYoungGen      total 38912K, used 9178K [0x0000000795580000, 0x0000000798580000, 0x00000007c0000000)
  eden space 29696K, 0% used [0x0000000795580000,0x0000000795580000,0x0000000797280000)
  from space 9216K, 99% used [0x0000000797380000,0x0000000797c76970,0x0000000797c80000)
  to   space 9216K, 0% used [0x0000000797c80000,0x0000000797c80000,0x0000000798580000)
 ParOldGen       total 64512K, used 26106K [0x0000000740000000, 0x0000000743f00000, 0x0000000795580000)
  object space 64512K, 40% used [0x0000000740000000,0x000000074197eb88,0x0000000743f00000)
 Metaspace       used 31221K, capacity 31629K, committed 32000K, reserved 1077248K
  class space    used 4129K, capacity 4259K, committed 4352K, reserved 1048576K
}
Event: 2616.125 GC heap before
{Heap before GC invocations=65 (full 1):
 PSYoungGen      total 38912K, used 38874K [0x0000000795580000, 0x0000000798580000, 0x00000007c0000000)
  eden space 29696K, 100% used [0x0000000795580000,0x0000000797280000,0x0000000797280000)
  from space 9216K, 99% used [0x0000000797380000,0x0000000797c76970,0x0000000797c80000)
  to   space 9216K, 0% used [0x0000000797c80000,0x0000000797c80000,0x0000000798580000)
 ParOldGen       total 64512K, used 26106K [0x0000000740000000, 0x0000000743f00000, 0x0000000795580000)
  object space 64512K, 40% used [0x0000000740000000,0x000000074197eb88,0x0000000743f00000)
 Metaspace       used 31221K, capacity 31629K, committed 32000K, reserved 1077248K
  class space    used 4129K, capacity 4259K, committed 4352K, reserved 1048576K
Event: 2616.128 GC heap after
Heap after GC invocations=65 (full 1):
 PSYoungGen      total 38400K, used 9068K [0x0000000795580000, 0x0000000798580000, 0x00000007c0000000)
  eden space 29184K, 0% used [0x0000000795580000,0x0000000795580000,0x0000000797200000)
  from space 9216K, 98% used [0x0000000797c80000,0x000000079855b340,0x0000000798580000)
  to   space 9728K, 0% used [0x0000000797280000,0x0000000797280000,0x0000000797c00000)
 ParOldGen       total 64512K, used 26114K [0x0000000740000000, 0x0000000743f00000, 0x0000000795580000)
  object space 64512K, 40% used [0x0000000740000000,0x0000000741980b88,0x0000000743f00000)
 Metaspace       used 31221K, capacity 31629K, committed 32000K, reserved 1077248K
  class space    used 4129K, capacity 4259K, committed 4352K, reserved 1048576K
}
Event: 2626.808 GC heap before
{Heap before GC invocations=66 (full 1):
 PSYoungGen      total 38400K, used 38252K [0x0000000795580000, 0x0000000798580000, 0x00000007c0000000)
  eden space 29184K, 100% used [0x0000000795580000,0x0000000797200000,0x0000000797200000)
  from space 9216K, 98% used [0x0000000797c80000,0x000000079855b340,0x0000000798580000)
  to   space 9728K, 0% used [0x0000000797280000,0x0000000797280000,0x0000000797c00000)
 ParOldGen       total 64512K, used 26114K [0x0000000740000000, 0x0000000743f00000, 0x0000000795580000)
  object space 64512K, 40% used [0x0000000740000000,0x0000000741980b88,0x0000000743f00000)
 Metaspace       used 31221K, capacity 31629K, committed 32000K, reserved 1077248K
  class space    used 4129K, capacity 4259K, committed 4352K, reserved 1048576K
Event: 2626.816 GC heap after
Heap after GC invocations=66 (full 1):
 PSYoungGen      total 37888K, used 9032K [0x0000000795580000, 0x0000000798480000, 0x00000007c0000000)
  eden space 28672K, 0% used [0x0000000795580000,0x0000000795580000,0x0000000797180000)
  from space 9216K, 98% used [0x0000000797280000,0x0000000797b52130,0x0000000797b80000)
  to   space 9216K, 0% used [0x0000000797b80000,0x0000000797b80000,0x0000000798480000)
 ParOldGen       total 64512K, used 26114K [0x0000000740000000, 0x0000000743f00000, 0x0000000795580000)
  object space 64512K, 40% used [0x0000000740000000,0x0000000741980b88,0x0000000743f00000)
 Metaspace       used 31221K, capacity 31629K, committed 32000K, reserved 1077248K
  class space    used 4129K, capacity 4259K, committed 4352K, reserved 1048576K
}
Event: 2637.185 GC heap before
{Heap before GC invocations=67 (full 1):
 PSYoungGen      total 37888K, used 37704K [0x0000000795580000, 0x0000000798480000, 0x00000007c0000000)
  eden space 28672K, 100% used [0x0000000795580000,0x0000000797180000,0x0000000797180000)
  from space 9216K, 98% used [0x0000000797280000,0x0000000797b52130,0x0000000797b80000)
  to   space 9216K, 0% used [0x0000000797b80000,0x0000000797b80000,0x0000000798480000)
 ParOldGen       total 64512K, used 26114K [0x0000000740000000, 0x0000000743f00000, 0x0000000795580000)
  object space 64512K, 40% used [0x0000000740000000,0x0000000741980b88,0x0000000743f00000)
 Metaspace       used 31221K, capacity 31629K, committed 32000K, reserved 1077248K
  class space    used 4129K, capacity 4259K, committed 4352K, reserved 1048576K
Event: 2637.189 GC heap after
Heap after GC invocations=67 (full 1):
 PSYoungGen      total 37376K, used 9173K [0x0000000795580000, 0x0000000798480000, 0x00000007c0000000)
  eden space 28160K, 0% used [0x0000000795580000,0x0000000795580000,0x0000000797100000)
  from space 9216K, 99% used [0x0000000797b80000,0x0000000798475760,0x0000000798480000)
  to   space 9728K, 0% used [0x0000000797180000,0x0000000797180000,0x0000000797b00000)
 ParOldGen       total 64512K, used 26114K [0x0000000740000000, 0x0000000743f00000, 0x0000000795580000)
  object space 64512K, 40% used [0x0000000740000000,0x0000000741980b88,0x0000000743f00000)
 Metaspace       used 31221K, capacity 31629K, committed 32000K, reserved 1077248K
  class space    used 4129K, capacity 4259K, committed 4352K, reserved 1048576K
}

