# JRE version: Java(TM) SE Runtime Environment (8.0_45-b14) (build 1.8.0_45-b14)
# Java VM: Java HotSpot(TM) 64-Bit Server VM (25.45-b02 mixed mode bsd-amd64 compressed oops)
Heap:
 PSYoungGen      total 109568K, used 43216K [0x0000000795580000, 0x000000079d500000, 0x00000007c0000000)
  eden space 93696K, 31% used [0x0000000795580000,0x0000000797219378,0x000000079b100000)
  from space 15872K, 87% used [0x000000079c500000,0x000000079d29ae40,0x000000079d480000)
  to   space 18432K, 0% used [0x000000079b100000,0x000000079b100000,0x000000079c300000)
 ParOldGen       total 62976K, used 20109K [0x0000000740000000, 0x0000000743d80000, 0x0000000795580000)
  object space 62976K, 31% used [0x0000000740000000,0x00000007413a3420,0x0000000743d80000)
 Metaspace       used 33602K, capacity 34045K, committed 34560K, reserved 1079296K
  class space    used 4421K, capacity 4551K, committed 4608K, reserved 1048576K
GC Heap History (10 events):
Event: 1.830 GC heap before
{Heap before GC invocations=3 (full 0):
 PSYoungGen      total 38400K, used 36417K [0x0000000795580000, 0x000000079a080000, 0x00000007c0000000)
  eden space 33280K, 100% used [0x0000000795580000,0x0000000797600000,0x0000000797600000)
  from space 5120K, 61% used [0x0000000797b00000,0x0000000797e10488,0x0000000798000000)
  to   space 5120K, 0% used [0x0000000797600000,0x0000000797600000,0x0000000797b00000)
 ParOldGen       total 87552K, used 16K [0x0000000740000000, 0x0000000745580000, 0x0000000795580000)
  object space 87552K, 0% used [0x0000000740000000,0x0000000740004000,0x0000000745580000)
 Metaspace       used 12142K, capacity 12318K, committed 12416K, reserved 1060864K
  class space    used 1573K, capacity 1626K, committed 1664K, reserved 1048576K
Event: 1.836 GC heap after
Heap after GC invocations=3 (full 0):
 PSYoungGen      total 38400K, used 3552K [0x0000000795580000, 0x000000079a080000, 0x00000007c0000000)
  eden space 33280K, 0% used [0x0000000795580000,0x0000000795580000,0x0000000797600000)
  from space 5120K, 69% used [0x0000000797600000,0x0000000797978070,0x0000000797b00000)
  to   space 5120K, 0% used [0x0000000799b80000,0x0000000799b80000,0x000000079a080000)
 ParOldGen       total 87552K, used 24K [0x0000000740000000, 0x0000000745580000, 0x0000000795580000)
  object space 87552K, 0% used [0x0000000740000000,0x0000000740006000,0x0000000745580000)
 Metaspace       used 12142K, capacity 12318K, committed 12416K, reserved 1060864K
  class space    used 1573K, capacity 1626K, committed 1664K, reserved 1048576K
}
Event: 2.919 GC heap before
{Heap before GC invocations=4 (full 0):
 PSYoungGen      total 38400K, used 26478K [0x0000000795580000, 0x000000079a080000, 0x00000007c0000000)
  eden space 33280K, 68% used [0x0000000795580000,0x0000000796be3aa8,0x0000000797600000)
  from space 5120K, 69% used [0x0000000797600000,0x0000000797978070,0x0000000797b00000)
  to   space 5120K, 0% used [0x0000000799b80000,0x0000000799b80000,0x000000079a080000)
 ParOldGen       total 87552K, used 24K [0x0000000740000000, 0x0000000745580000, 0x0000000795580000)
  object space 87552K, 0% used [0x0000000740000000,0x0000000740006000,0x0000000745580000)
 Metaspace       used 20867K, capacity 21099K, committed 21296K, reserved 1067008K
  class space    used 2873K, capacity 2944K, committed 2944K, reserved 1048576K
Event: 2.932 GC heap after
Heap after GC invocations=4 (full 0):
 PSYoungGen      total 71680K, used 5104K [0x0000000795580000, 0x000000079a080000, 0x00000007c0000000)
  eden space 66560K, 0% used [0x0000000795580000,0x0000000795580000,0x0000000799680000)
  from space 5120K, 99% used [0x0000000799b80000,0x000000079a07c030,0x000000079a080000)
  to   space 5120K, 0% used [0x0000000799680000,0x0000000799680000,0x0000000799b80000)
 ParOldGen       total 87552K, used 5137K [0x0000000740000000, 0x0000000745580000, 0x0000000795580000)
  object space 87552K, 5% used [0x0000000740000000,0x00000007405045a0,0x0000000745580000)
 Metaspace       used 20867K, capacity 21099K, committed 21296K, reserved 1067008K
  class space    used 2873K, capacity 2944K, committed 2944K, reserved 1048576K
}
Event: 2.932 GC heap before
{Heap before GC invocations=5 (full 1):
 PSYoungGen      total 71680K, used 5104K [0x0000000795580000, 0x000000079a080000, 0x00000007c0000000)
  eden space 66560K, 0% used [0x0000000795580000,0x0000000795580000,0x0000000799680000)
  from space 5120K, 99% used [0x0000000799b80000,0x000000079a07c030,0x000000079a080000)
  to   space 5120K, 0% used [0x0000000799680000,0x0000000799680000,0x0000000799b80000)
 ParOldGen       total 87552K, used 5137K [0x0000000740000000, 0x0000000745580000, 0x0000000795580000)
  object space 87552K, 5% used [0x0000000740000000,0x00000007405045a0,0x0000000745580000)
 Metaspace       used 20867K, capacity 21099K, committed 21296K, reserved 1067008K
  class space    used 2873K, capacity 2944K, committed 2944K, reserved 1048576K
Event: 2.971 GC heap after
Heap after GC invocations=5 (full 1):
 PSYoungGen      total 71680K, used 0K [0x0000000795580000, 0x000000079a080000, 0x00000007c0000000)
  eden space 66560K, 0% used [0x0000000795580000,0x0000000795580000,0x0000000799680000)
  from space 5120K, 0% used [0x0000000799b80000,0x0000000799b80000,0x000000079a080000)
  to   space 5120K, 0% used [0x0000000799680000,0x0000000799680000,0x0000000799b80000)
 ParOldGen       total 62976K, used 10025K [0x0000000740000000, 0x0000000743d80000, 0x0000000795580000)
  object space 62976K, 15% used [0x0000000740000000,0x00000007409ca578,0x0000000743d80000)
 Metaspace       used 20867K, capacity 21099K, committed 21296K, reserved 1067008K
  class space    used 2873K, capacity 2944K, committed 2944K, reserved 1048576K
}
Event: 152.846 GC heap before
{Heap before GC invocations=6 (full 1):
 PSYoungGen      total 71680K, used 66208K [0x0000000795580000, 0x000000079a080000, 0x00000007c0000000)
  eden space 66560K, 99% used [0x0000000795580000,0x00000007996281e8,0x0000000799680000)
  from space 5120K, 0% used [0x0000000799b80000,0x0000000799b80000,0x000000079a080000)
  to   space 5120K, 0% used [0x0000000799680000,0x0000000799680000,0x0000000799b80000)
 ParOldGen       total 62976K, used 10025K [0x0000000740000000, 0x0000000743d80000, 0x0000000795580000)
  object space 62976K, 15% used [0x0000000740000000,0x00000007409ca578,0x0000000743d80000)
 Metaspace       used 30995K, capacity 31341K, committed 31744K, reserved 1077248K
  class space    used 4120K, capacity 4227K, committed 4352K, reserved 1048576K
Event: 152.861 GC heap after
Heap after GC invocations=6 (full 1):
 PSYoungGen      total 71680K, used 5116K [0x0000000795580000, 0x000000079d480000, 0x00000007c0000000)
  eden space 66560K, 0% used [0x0000000795580000,0x0000000795580000,0x0000000799680000)
  from space 5120K, 99% used [0x0000000799680000,0x0000000799b7f1d0,0x0000000799b80000)
  to   space 15872K, 0% used [0x000000079c500000,0x000000079c500000,0x000000079d480000)
 ParOldGen       total 62976K, used 20101K [0x0000000740000000, 0x0000000743d80000, 0x0000000795580000)
  object space 62976K, 31% used [0x0000000740000000,0x00000007413a1420,0x0000000743d80000)
 Metaspace       used 30995K, capacity 31341K, committed 31744K, reserved 1077248K
  class space    used 4120K, capacity 4227K, committed 4352K, reserved 1048576K
}
Event: 184.850 GC heap before
{Heap before GC invocations=7 (full 1):
 PSYoungGen      total 71680K, used 71676K [0x0000000795580000, 0x000000079d480000, 0x00000007c0000000)
  eden space 66560K, 100% used [0x0000000795580000,0x0000000799680000,0x0000000799680000)
  from space 5120K, 99% used [0x0000000799680000,0x0000000799b7f1d0,0x0000000799b80000)
  to   space 15872K, 0% used [0x000000079c500000,0x000000079c500000,0x000000079d480000)
 ParOldGen       total 62976K, used 20101K [0x0000000740000000, 0x0000000743d80000, 0x0000000795580000)
  object space 62976K, 31% used [0x0000000740000000,0x00000007413a1420,0x0000000743d80000)
 Metaspace       used 31458K, capacity 31863K, committed 32256K, reserved 1077248K
  class space    used 4157K, capacity 4294K, committed 4352K, reserved 1048576K
Event: 184.864 GC heap after
Heap after GC invocations=7 (full 1):
 PSYoungGen      total 109568K, used 13931K [0x0000000795580000, 0x000000079d500000, 0x00000007c0000000)
  eden space 93696K, 0% used [0x0000000795580000,0x0000000795580000,0x000000079b100000)
  from space 15872K, 87% used [0x000000079c500000,0x000000079d29ae40,0x000000079d480000)
  to   space 18432K, 0% used [0x000000079b100000,0x000000079b100000,0x000000079c300000)
 ParOldGen       total 62976K, used 20109K [0x0000000740000000, 0x0000000743d80000, 0x0000000795580000)
  object space 62976K, 31% used [0x0000000740000000,0x00000007413a3420,0x0000000743d80000)
 Metaspace       used 31458K, capacity 31863K, committed 32256K, reserved 1077248K
  class space    used 4157K, capacity 4294K, committed 4352K, reserved 1048576K
}

